<?xml version="1.0" encoding="UTF-8"?>
<!-- Generated by org.testng.reporters.JUnitReportReporter -->
<testsuite hostname="LAPTOP-1A1SGFLK" name="testCases.TC001_MergeLead" tests="1" failures="0" timestamp="31 May 2017 04:20:11 GMT" time="130.973" errors="1">
  <testcase name="DuplicateLead" time="130.973" classname="testCases.TC001_MergeLead">
    <error type="java.lang.StackOverflowError">
      <![CDATA[java.lang.StackOverflowError
	at java.security.AccessController.doPrivileged(Native Method)
	at org.apache.commons.logging.LogFactory.getContextClassLoaderInternal(LogFactory.java:808)
	at org.apache.commons.logging.LogFactory.getFactory(LogFactory.java:419)
	at org.apache.commons.logging.LogFactory.getLog(LogFactory.java:655)
	at org.apache.http.impl.conn.DefaultHttpResponseParser.<init>(DefaultHttpResponseParser.java:61)
	at org.apache.http.impl.conn.DefaultHttpResponseParserFactory.create(DefaultHttpResponseParserFactory.java:75)
	at org.apache.http.impl.DefaultBHttpClientConnection.<init>(DefaultBHttpClientConnection.java:99)
	at org.apache.http.impl.conn.DefaultManagedHttpClientConnection.<init>(DefaultManagedHttpClientConnection.java:76)
	at org.apache.http.impl.conn.LoggingManagedHttpClientConnection.<init>(LoggingManagedHttpClientConnection.java:68)
	at org.apache.http.impl.conn.ManagedHttpClientConnectionFactory.create(ManagedHttpClientConnectionFactory.java:126)
	at org.apache.http.impl.conn.ManagedHttpClientConnectionFactory.create(ManagedHttpClientConnectionFactory.java:56)
	at org.apache.http.impl.conn.PoolingHttpClientConnectionManager$InternalConnectionFactory.create(PoolingHttpClientConnectionManager.java:591)
	at org.apache.http.impl.conn.PoolingHttpClientConnectionManager$InternalConnectionFactory.create(PoolingHttpClientConnectionManager.java:562)
	at org.apache.http.pool.AbstractConnPool.getPoolEntryBlocking(AbstractConnPool.java:360)
	at org.apache.http.pool.AbstractConnPool.access$200(AbstractConnPool.java:67)
	at org.apache.http.pool.AbstractConnPool$2.get(AbstractConnPool.java:243)
	at org.apache.http.pool.AbstractConnPool$2.get(AbstractConnPool.java:191)
	at org.apache.http.impl.conn.PoolingHttpClientConnectionManager.leaseConnection(PoolingHttpClientConnectionManager.java:276)
	at org.apache.http.impl.conn.PoolingHttpClientConnectionManager$1.get(PoolingHttpClientConnectionManager.java:263)
	at org.apache.http.impl.execchain.MainClientExec.execute(MainClientExec.java:190)
	at org.apache.http.impl.execchain.ProtocolExec.execute(ProtocolExec.java:184)
	at org.apache.http.impl.execchain.RetryExec.execute(RetryExec.java:88)
	at org.apache.http.impl.execchain.RedirectExec.execute(RedirectExec.java:110)
	at org.apache.http.impl.client.InternalHttpClient.doExecute(InternalHttpClient.java:184)
	at org.apache.http.impl.client.CloseableHttpClient.execute(CloseableHttpClient.java:71)
	at org.apache.http.impl.client.CloseableHttpClient.execute(CloseableHttpClient.java:55)
	at org.openqa.selenium.remote.internal.ApacheHttpClient.fallBackExecute(ApacheHttpClient.java:142)
	at org.openqa.selenium.remote.internal.ApacheHttpClient.execute(ApacheHttpClient.java:88)
	at org.openqa.selenium.remote.HttpCommandExecutor.execute(HttpCommandExecutor.java:160)
	at org.openqa.selenium.remote.service.DriverCommandExecutor.execute(DriverCommandExecutor.java:82)
	at org.openqa.selenium.remote.RemoteWebDriver.execute(RemoteWebDriver.java:604)
	at org.openqa.selenium.remote.RemoteWebDriver.execute(RemoteWebDriver.java:661)
	at org.openqa.selenium.remote.RemoteWebDriver.getScreenshotAs(RemoteWebDriver.java:343)
	at wrappers.GenericWrappers.takeSnap(GenericWrappers.java:563)
	at utils.Reporter.reportStep(Reporter.java:20)
	at wrappers.GenericWrappers.takeSnap(GenericWrappers.java:565)
	at utils.Reporter.reportStep(Reporter.java:20)
	at wrappers.GenericWrappers.takeSnap(GenericWrappers.java:565)
	at utils.Reporter.reportStep(Reporter.java:20)
	at wrappers.GenericWrappers.takeSnap(GenericWrappers.java:565)
	at utils.Reporter.reportStep(Reporter.java:20)
	at wrappers.GenericWrappers.takeSnap(GenericWrappers.java:565)
	at utils.Reporter.reportStep(Reporter.java:20)
	at wrappers.GenericWrappers.takeSnap(GenericWrappers.java:565)
	at utils.Reporter.reportStep(Reporter.java:20)
	at wrappers.GenericWrappers.takeSnap(GenericWrappers.java:565)
	at utils.Reporter.reportStep(Reporter.java:20)
	at wrappers.GenericWrappers.takeSnap(GenericWrappers.java:565)
	at utils.Reporter.reportStep(Reporter.java:20)
	at wrappers.GenericWrappers.takeSnap(GenericWrappers.java:565)
	at utils.Reporter.reportStep(Reporter.java:20)
	at wrappers.GenericWrappers.takeSnap(GenericWrappers.java:565)
	at utils.Reporter.reportStep(Reporter.java:20)
	at wrappers.GenericWrappers.takeSnap(GenericWrappers.java:565)
	at utils.Reporter.reportStep(Reporter.java:20)
	at wrappers.GenericWrappers.takeSnap(GenericWrappers.java:565)
	at utils.Reporter.reportStep(Reporter.java:20)
	at wrappers.GenericWrappers.takeSnap(GenericWrappers.java:565)
	at utils.Reporter.reportStep(Reporter.java:20)
	at wrappers.GenericWrappers.takeSnap(GenericWrappers.java:565)
	at utils.Reporter.reportStep(Reporter.java:20)
	at wrappers.GenericWrappers.takeSnap(GenericWrappers.java:565)
	at utils.Reporter.reportStep(Reporter.java:20)
	at wrappers.GenericWrappers.takeSnap(GenericWrappers.java:565)
	at utils.Reporter.reportStep(Reporter.java:20)
	at wrappers.GenericWrappers.takeSnap(GenericWrappers.java:565)
	at utils.Reporter.reportStep(Reporter.java:20)
	at wrappers.GenericWrappers.takeSnap(GenericWrappers.java:565)
	at utils.Reporter.reportStep(Reporter.java:20)
	at wrappers.GenericWrappers.takeSnap(GenericWrappers.java:565)
	at utils.Reporter.reportStep(Reporter.java:20)
	at wrappers.GenericWrappers.takeSnap(GenericWrappers.java:565)
	at utils.Reporter.reportStep(Reporter.java:20)
	at wrappers.GenericWrappers.takeSnap(GenericWrappers.java:565)
	at utils.Reporter.reportStep(Reporter.java:20)
	at wrappers.GenericWrappers.takeSnap(GenericWrappers.java:565)
	at utils.Reporter.reportStep(Reporter.java:20)
	at wrappers.GenericWrappers.takeSnap(GenericWrappers.java:565)
	at utils.Reporter.reportStep(Reporter.java:20)
	at wrappers.GenericWrappers.takeSnap(GenericWrappers.java:565)
	at utils.Reporter.reportStep(Reporter.java:20)
	at wrappers.GenericWrappers.takeSnap(GenericWrappers.java:565)
	at utils.Reporter.reportStep(Reporter.java:20)
	at wrappers.GenericWrappers.takeSnap(GenericWrappers.java:565)
	at utils.Reporter.reportStep(Reporter.java:20)
	at wrappers.GenericWrappers.takeSnap(GenericWrappers.java:565)
	at utils.Reporter.reportStep(Reporter.java:20)
	at wrappers.GenericWrappers.takeSnap(GenericWrappers.java:565)
	at utils.Reporter.reportStep(Reporter.java:20)
	at wrappers.GenericWrappers.takeSnap(GenericWrappers.java:565)
	at utils.Reporter.reportStep(Reporter.java:20)
	at wrappers.GenericWrappers.takeSnap(GenericWrappers.java:565)
	at utils.Reporter.reportStep(Reporter.java:20)
	at wrappers.GenericWrappers.takeSnap(GenericWrappers.java:565)
	at utils.Reporter.reportStep(Reporter.java:20)
	at wrappers.GenericWrappers.takeSnap(GenericWrappers.java:565)
	at utils.Reporter.reportStep(Reporter.java:20)
	at wrappers.GenericWrappers.takeSnap(GenericWrappers.java:565)
	at utils.Reporter.reportStep(Reporter.java:20)
	at wrappers.GenericWrappers.takeSnap(GenericWrappers.java:565)
	at utils.Reporter.reportStep(Reporter.java:20)
	at wrappers.GenericWrappers.takeSnap(GenericWrappers.java:565)
	at utils.Reporter.reportStep(Reporter.java:20)
	at wrappers.GenericWrappers.takeSnap(GenericWrappers.java:565)
	at utils.Reporter.reportStep(Reporter.java:20)
	at wrappers.GenericWrappers.takeSnap(GenericWrappers.java:565)
	at utils.Reporter.reportStep(Reporter.java:20)
	at wrappers.GenericWrappers.takeSnap(GenericWrappers.java:565)
	at utils.Reporter.reportStep(Reporter.java:20)
	at wrappers.GenericWrappers.takeSnap(GenericWrappers.java:565)
	at utils.Reporter.reportStep(Reporter.java:20)
	at wrappers.GenericWrappers.takeSnap(GenericWrappers.java:565)
	at utils.Reporter.reportStep(Reporter.java:20)
	at wrappers.GenericWrappers.takeSnap(GenericWrappers.java:565)
	at utils.Reporter.reportStep(Reporter.java:20)
	at wrappers.GenericWrappers.takeSnap(GenericWrappers.java:565)
	at utils.Reporter.reportStep(Reporter.java:20)
	at wrappers.GenericWrappers.takeSnap(GenericWrappers.java:565)
	at utils.Reporter.reportStep(Reporter.java:20)
	at wrappers.GenericWrappers.takeSnap(GenericWrappers.java:565)
	at utils.Reporter.reportStep(Reporter.java:20)
	at wrappers.GenericWrappers.takeSnap(GenericWrappers.java:565)
	at utils.Reporter.reportStep(Reporter.java:20)
	at wrappers.GenericWrappers.takeSnap(GenericWrappers.java:565)
	at utils.Reporter.reportStep(Reporter.java:20)
	at wrappers.GenericWrappers.takeSnap(GenericWrappers.java:565)
	at utils.Reporter.reportStep(Reporter.java:20)
	at wrappers.GenericWrappers.takeSnap(GenericWrappers.java:565)
	at utils.Reporter.reportStep(Reporter.java:20)
	at wrappers.GenericWrappers.takeSnap(GenericWrappers.java:565)
	at utils.Reporter.reportStep(Reporter.java:20)
	at wrappers.GenericWrappers.takeSnap(GenericWrappers.java:565)
	at utils.Reporter.reportStep(Reporter.java:20)
	at wrappers.GenericWrappers.takeSnap(GenericWrappers.java:565)
	at utils.Reporter.reportStep(Reporter.java:20)
	at wrappers.GenericWrappers.takeSnap(GenericWrappers.java:565)
	at utils.Reporter.reportStep(Reporter.java:20)
	at wrappers.GenericWrappers.takeSnap(GenericWrappers.java:565)
	at utils.Reporter.reportStep(Reporter.java:20)
	at wrappers.GenericWrappers.takeSnap(GenericWrappers.java:565)
	at utils.Reporter.reportStep(Reporter.java:20)
	at wrappers.GenericWrappers.takeSnap(GenericWrappers.java:565)
	at utils.Reporter.reportStep(Reporter.java:20)
	at wrappers.GenericWrappers.takeSnap(GenericWrappers.java:565)
	at utils.Reporter.reportStep(Reporter.java:20)
	at wrappers.GenericWrappers.takeSnap(GenericWrappers.java:565)
	at utils.Reporter.reportStep(Reporter.java:20)
	at wrappers.GenericWrappers.takeSnap(GenericWrappers.java:565)
	at utils.Reporter.reportStep(Reporter.java:20)
	at wrappers.GenericWrappers.takeSnap(GenericWrappers.java:565)
	at utils.Reporter.reportStep(Reporter.java:20)
	at wrappers.GenericWrappers.takeSnap(GenericWrappers.java:565)
	at utils.Reporter.reportStep(Reporter.java:20)
	at wrappers.GenericWrappers.takeSnap(GenericWrappers.java:565)
	at utils.Reporter.reportStep(Reporter.java:20)
	at wrappers.GenericWrappers.takeSnap(GenericWrappers.java:565)
	at utils.Reporter.reportStep(Reporter.java:20)
	at wrappers.GenericWrappers.takeSnap(GenericWrappers.java:565)
	at utils.Reporter.reportStep(Reporter.java:20)
	at wrappers.GenericWrappers.takeSnap(GenericWrappers.java:565)
	at utils.Reporter.reportStep(Reporter.java:20)
	at wrappers.GenericWrappers.takeSnap(GenericWrappers.java:565)
	at utils.Reporter.reportStep(Reporter.java:20)
	at wrappers.GenericWrappers.takeSnap(GenericWrappers.java:565)
	at utils.Reporter.reportStep(Reporter.java:20)
	at wrappers.GenericWrappers.takeSnap(GenericWrappers.java:565)
	at utils.Reporter.reportStep(Reporter.java:20)
	at wrappers.GenericWrappers.takeSnap(GenericWrappers.java:565)
	at utils.Reporter.reportStep(Reporter.java:20)
	at wrappers.GenericWrappers.takeSnap(GenericWrappers.java:565)
	at utils.Reporter.reportStep(Reporter.java:20)
	at wrappers.GenericWrappers.takeSnap(GenericWrappers.java:565)
	at utils.Reporter.reportStep(Reporter.java:20)
	at wrappers.GenericWrappers.takeSnap(GenericWrappers.java:565)
	at utils.Reporter.reportStep(Reporter.java:20)
	at wrappers.GenericWrappers.takeSnap(GenericWrappers.java:565)
	at utils.Reporter.reportStep(Reporter.java:20)
	at wrappers.GenericWrappers.takeSnap(GenericWrappers.java:565)
	at utils.Reporter.reportStep(Reporter.java:20)
	at wrappers.GenericWrappers.takeSnap(GenericWrappers.java:565)
	at utils.Reporter.reportStep(Reporter.java:20)
	at wrappers.GenericWrappers.takeSnap(GenericWrappers.java:565)
	at utils.Reporter.reportStep(Reporter.java:20)
	at wrappers.GenericWrappers.takeSnap(GenericWrappers.java:565)
	at utils.Reporter.reportStep(Reporter.java:20)
	at wrappers.GenericWrappers.takeSnap(GenericWrappers.java:565)
	at utils.Reporter.reportStep(Reporter.java:20)
	at wrappers.GenericWrappers.takeSnap(GenericWrappers.java:565)
	at utils.Reporter.reportStep(Reporter.java:20)
	at wrappers.GenericWrappers.takeSnap(GenericWrappers.java:565)
	at utils.Reporter.reportStep(Reporter.java:20)
	at wrappers.GenericWrappers.takeSnap(GenericWrappers.java:565)
	at utils.Reporter.reportStep(Reporter.java:20)
	at wrappers.GenericWrappers.takeSnap(GenericWrappers.java:565)
	at utils.Reporter.reportStep(Reporter.java:20)
	at wrappers.GenericWrappers.takeSnap(GenericWrappers.java:565)
	at utils.Reporter.reportStep(Reporter.java:20)
	at wrappers.GenericWrappers.takeSnap(GenericWrappers.java:565)
	at utils.Reporter.reportStep(Reporter.java:20)
	at wrappers.GenericWrappers.takeSnap(GenericWrappers.java:565)
	at utils.Reporter.reportStep(Reporter.java:20)
	at wrappers.GenericWrappers.takeSnap(GenericWrappers.java:565)
	at utils.Reporter.reportStep(Reporter.java:20)
	at wrappers.GenericWrappers.takeSnap(GenericWrappers.java:565)
	at utils.Reporter.reportStep(Reporter.java:20)
	at wrappers.GenericWrappers.takeSnap(GenericWrappers.java:565)
	at utils.Reporter.reportStep(Reporter.java:20)
	at wrappers.GenericWrappers.takeSnap(GenericWrappers.java:565)
	at utils.Reporter.reportStep(Reporter.java:20)
	at wrappers.GenericWrappers.takeSnap(GenericWrappers.java:565)
	at utils.Reporter.reportStep(Reporter.java:20)
	at wrappers.GenericWrappers.takeSnap(GenericWrappers.java:565)
	at utils.Reporter.reportStep(Reporter.java:20)
	at wrappers.GenericWrappers.takeSnap(GenericWrappers.java:565)
	at utils.Reporter.reportStep(Reporter.java:20)
	at wrappers.GenericWrappers.takeSnap(GenericWrappers.java:565)
	at utils.Reporter.reportStep(Reporter.java:20)
	at wrappers.GenericWrappers.takeSnap(GenericWrappers.java:565)
	at utils.Reporter.reportStep(Reporter.java:20)
	at wrappers.GenericWrappers.takeSnap(GenericWrappers.java:565)
	at utils.Reporter.reportStep(Reporter.java:20)
	at wrappers.GenericWrappers.takeSnap(GenericWrappers.java:565)
	at utils.Reporter.reportStep(Reporter.java:20)
	at wrappers.GenericWrappers.takeSnap(GenericWrappers.java:565)
	at utils.Reporter.reportStep(Reporter.java:20)
	at wrappers.GenericWrappers.takeSnap(GenericWrappers.java:565)
	at utils.Reporter.reportStep(Reporter.java:20)
	at wrappers.GenericWrappers.takeSnap(GenericWrappers.java:565)
	at utils.Reporter.reportStep(Reporter.java:20)
	at wrappers.GenericWrappers.takeSnap(GenericWrappers.java:565)
	at utils.Reporter.reportStep(Reporter.java:20)
	at wrappers.GenericWrappers.takeSnap(GenericWrappers.java:565)
	at utils.Reporter.reportStep(Reporter.java:20)
	at wrappers.GenericWrappers.takeSnap(GenericWrappers.java:565)
	at utils.Reporter.reportStep(Reporter.java:20)
	at wrappers.GenericWrappers.takeSnap(GenericWrappers.java:565)
	at utils.Reporter.reportStep(Reporter.java:20)
	at wrappers.GenericWrappers.takeSnap(GenericWrappers.java:565)
	at utils.Reporter.reportStep(Reporter.java:20)
	at wrappers.GenericWrappers.takeSnap(GenericWrappers.java:565)
	at utils.Reporter.reportStep(Reporter.java:20)
	at wrappers.GenericWrappers.takeSnap(GenericWrappers.java:565)
	at utils.Reporter.reportStep(Reporter.java:20)
	at wrappers.GenericWrappers.takeSnap(GenericWrappers.java:565)
	at utils.Reporter.reportStep(Reporter.java:20)
	at wrappers.GenericWrappers.takeSnap(GenericWrappers.java:565)
	at utils.Reporter.reportStep(Reporter.java:20)
	at wrappers.GenericWrappers.takeSnap(GenericWrappers.java:565)
	at utils.Reporter.reportStep(Reporter.java:20)
	at wrappers.GenericWrappers.takeSnap(GenericWrappers.java:565)
	at utils.Reporter.reportStep(Reporter.java:20)
	at wrappers.GenericWrappers.takeSnap(GenericWrappers.java:565)
	at utils.Reporter.reportStep(Reporter.java:20)
	at wrappers.GenericWrappers.takeSnap(GenericWrappers.java:565)
	at utils.Reporter.reportStep(Reporter.java:20)
	at wrappers.GenericWrappers.takeSnap(GenericWrappers.java:565)
	at utils.Reporter.reportStep(Reporter.java:20)
	at wrappers.GenericWrappers.takeSnap(GenericWrappers.java:565)
	at utils.Reporter.reportStep(Reporter.java:20)
	at wrappers.GenericWrappers.takeSnap(GenericWrappers.java:565)
	at utils.Reporter.reportStep(Reporter.java:20)
	at wrappers.GenericWrappers.takeSnap(GenericWrappers.java:565)
	at utils.Reporter.reportStep(Reporter.java:20)
	at wrappers.GenericWrappers.takeSnap(GenericWrappers.java:565)
	at utils.Reporter.reportStep(Reporter.java:20)
	at wrappers.GenericWrappers.takeSnap(GenericWrappers.java:565)
	at utils.Reporter.reportStep(Reporter.java:20)
	at wrappers.GenericWrappers.takeSnap(GenericWrappers.java:565)
	at utils.Reporter.reportStep(Reporter.java:20)
	at wrappers.GenericWrappers.takeSnap(GenericWrappers.java:565)
	at utils.Reporter.reportStep(Reporter.java:20)
	at wrappers.GenericWrappers.takeSnap(GenericWrappers.java:565)
	at utils.Reporter.reportStep(Reporter.java:20)
	at wrappers.GenericWrappers.takeSnap(GenericWrappers.java:565)
	at utils.Reporter.reportStep(Reporter.java:20)
	at wrappers.GenericWrappers.takeSnap(GenericWrappers.java:565)
	at utils.Reporter.reportStep(Reporter.java:20)
	at wrappers.GenericWrappers.takeSnap(GenericWrappers.java:565)
	at utils.Reporter.reportStep(Reporter.java:20)
	at wrappers.GenericWrappers.takeSnap(GenericWrappers.java:565)
	at utils.Reporter.reportStep(Reporter.java:20)
	at wrappers.GenericWrappers.takeSnap(GenericWrappers.java:565)
	at utils.Reporter.reportStep(Reporter.java:20)
	at wrappers.GenericWrappers.takeSnap(GenericWrappers.java:565)
	at utils.Reporter.reportStep(Reporter.java:20)
	at wrappers.GenericWrappers.takeSnap(GenericWrappers.java:565)
	at utils.Reporter.reportStep(Reporter.java:20)
	at wrappers.GenericWrappers.takeSnap(GenericWrappers.java:565)
	at utils.Reporter.reportStep(Reporter.java:20)
	at wrappers.GenericWrappers.takeSnap(GenericWrappers.java:565)
	at utils.Reporter.reportStep(Reporter.java:20)
	at wrappers.GenericWrappers.takeSnap(GenericWrappers.java:565)
	at utils.Reporter.reportStep(Reporter.java:20)
	at wrappers.GenericWrappers.takeSnap(GenericWrappers.java:565)
	at utils.Reporter.reportStep(Reporter.java:20)
	at wrappers.GenericWrappers.takeSnap(GenericWrappers.java:565)
	at utils.Reporter.reportStep(Reporter.java:20)
	at wrappers.GenericWrappers.takeSnap(GenericWrappers.java:565)
	at utils.Reporter.reportStep(Reporter.java:20)
	at wrappers.GenericWrappers.takeSnap(GenericWrappers.java:565)
	at utils.Reporter.reportStep(Reporter.java:20)
	at wrappers.GenericWrappers.takeSnap(GenericWrappers.java:565)
	at utils.Reporter.reportStep(Reporter.java:20)
	at wrappers.GenericWrappers.takeSnap(GenericWrappers.java:565)
	at utils.Reporter.reportStep(Reporter.java:20)
	at wrappers.GenericWrappers.takeSnap(GenericWrappers.java:565)
	at utils.Reporter.reportStep(Reporter.java:20)
	at wrappers.GenericWrappers.takeSnap(GenericWrappers.java:565)
	at utils.Reporter.reportStep(Reporter.java:20)
	at wrappers.GenericWrappers.takeSnap(GenericWrappers.java:565)
	at utils.Reporter.reportStep(Reporter.java:20)
	at wrappers.GenericWrappers.takeSnap(GenericWrappers.java:565)
	at utils.Reporter.reportStep(Reporter.java:20)
	at wrappers.GenericWrappers.takeSnap(GenericWrappers.java:565)
	at utils.Reporter.reportStep(Reporter.java:20)
	at wrappers.GenericWrappers.takeSnap(GenericWrappers.java:565)
	at utils.Reporter.reportStep(Reporter.java:20)
	at wrappers.GenericWrappers.takeSnap(GenericWrappers.java:565)
	at utils.Reporter.reportStep(Reporter.java:20)
	at wrappers.GenericWrappers.takeSnap(GenericWrappers.java:565)
	at utils.Reporter.reportStep(Reporter.java:20)
	at wrappers.GenericWrappers.takeSnap(GenericWrappers.java:565)
	at utils.Reporter.reportStep(Reporter.java:20)
	at wrappers.GenericWrappers.takeSnap(GenericWrappers.java:565)
	at utils.Reporter.reportStep(Reporter.java:20)
	at wrappers.GenericWrappers.takeSnap(GenericWrappers.java:565)
	at utils.Reporter.reportStep(Reporter.java:20)
	at wrappers.GenericWrappers.takeSnap(GenericWrappers.java:565)
	at utils.Reporter.reportStep(Reporter.java:20)
	at wrappers.GenericWrappers.takeSnap(GenericWrappers.java:565)
	at utils.Reporter.reportStep(Reporter.java:20)
	at wrappers.GenericWrappers.takeSnap(GenericWrappers.java:565)
	at utils.Reporter.reportStep(Reporter.java:20)
	at wrappers.GenericWrappers.takeSnap(GenericWrappers.java:565)
	at utils.Reporter.reportStep(Reporter.java:20)
	at wrappers.GenericWrappers.takeSnap(GenericWrappers.java:565)
	at utils.Reporter.reportStep(Reporter.java:20)
	at wrappers.GenericWrappers.takeSnap(GenericWrappers.java:565)
	at utils.Reporter.reportStep(Reporter.java:20)
	at wrappers.GenericWrappers.takeSnap(GenericWrappers.java:565)
	at utils.Reporter.reportStep(Reporter.java:20)
	at wrappers.GenericWrappers.takeSnap(GenericWrappers.java:565)
	at utils.Reporter.reportStep(Reporter.java:20)
	at wrappers.GenericWrappers.takeSnap(GenericWrappers.java:565)
	at utils.Reporter.reportStep(Reporter.java:20)
	at wrappers.GenericWrappers.takeSnap(GenericWrappers.java:565)
	at utils.Reporter.reportStep(Reporter.java:20)
	at wrappers.GenericWrappers.takeSnap(GenericWrappers.java:565)
	at utils.Reporter.reportStep(Reporter.java:20)
	at wrappers.GenericWrappers.takeSnap(GenericWrappers.java:565)
	at utils.Reporter.reportStep(Reporter.java:20)
	at wrappers.GenericWrappers.takeSnap(GenericWrappers.java:565)
	at utils.Reporter.reportStep(Reporter.java:20)
	at wrappers.GenericWrappers.takeSnap(GenericWrappers.java:565)
	at utils.Reporter.reportStep(Reporter.java:20)
	at wrappers.GenericWrappers.takeSnap(GenericWrappers.java:565)
	at utils.Reporter.reportStep(Reporter.java:20)
	at wrappers.GenericWrappers.takeSnap(GenericWrappers.java:565)
	at utils.Reporter.reportStep(Reporter.java:20)
	at wrappers.GenericWrappers.takeSnap(GenericWrappers.java:565)
	at utils.Reporter.reportStep(Reporter.java:20)
	at wrappers.GenericWrappers.takeSnap(GenericWrappers.java:565)
	at utils.Reporter.reportStep(Reporter.java:20)
	at wrappers.GenericWrappers.takeSnap(GenericWrappers.java:565)
	at utils.Reporter.reportStep(Reporter.java:20)
	at wrappers.GenericWrappers.takeSnap(GenericWrappers.java:565)
	at utils.Reporter.reportStep(Reporter.java:20)
	at wrappers.GenericWrappers.takeSnap(GenericWrappers.java:565)
	at utils.Reporter.reportStep(Reporter.java:20)
	at wrappers.GenericWrappers.takeSnap(GenericWrappers.java:565)
	at utils.Reporter.reportStep(Reporter.java:20)
	at wrappers.GenericWrappers.takeSnap(GenericWrappers.java:565)
	at utils.Reporter.reportStep(Reporter.java:20)
	at wrappers.GenericWrappers.takeSnap(GenericWrappers.java:565)
	at utils.Reporter.reportStep(Reporter.java:20)
	at wrappers.GenericWrappers.takeSnap(GenericWrappers.java:565)
	at utils.Reporter.reportStep(Reporter.java:20)
	at wrappers.GenericWrappers.takeSnap(GenericWrappers.java:565)
	at utils.Reporter.reportStep(Reporter.java:20)
	at wrappers.GenericWrappers.takeSnap(GenericWrappers.java:565)
	at utils.Reporter.reportStep(Reporter.java:20)
	at wrappers.GenericWrappers.takeSnap(GenericWrappers.java:565)
	at utils.Reporter.reportStep(Reporter.java:20)
	at wrappers.GenericWrappers.takeSnap(GenericWrappers.java:565)
	at utils.Reporter.reportStep(Reporter.java:20)
	at wrappers.GenericWrappers.takeSnap(GenericWrappers.java:565)
	at utils.Reporter.reportStep(Reporter.java:20)
	at wrappers.GenericWrappers.takeSnap(GenericWrappers.java:565)
	at utils.Reporter.reportStep(Reporter.java:20)
	at wrappers.GenericWrappers.takeSnap(GenericWrappers.java:565)
	at utils.Reporter.reportStep(Reporter.java:20)
	at wrappers.GenericWrappers.takeSnap(GenericWrappers.java:565)
	at utils.Reporter.reportStep(Reporter.java:20)
	at wrappers.GenericWrappers.takeSnap(GenericWrappers.java:565)
	at utils.Reporter.reportStep(Reporter.java:20)
	at wrappers.GenericWrappers.takeSnap(GenericWrappers.java:565)
	at utils.Reporter.reportStep(Reporter.java:20)
	at wrappers.GenericWrappers.takeSnap(GenericWrappers.java:565)
	at utils.Reporter.reportStep(Reporter.java:20)
	at wrappers.GenericWrappers.takeSnap(GenericWrappers.java:565)
	at utils.Reporter.reportStep(Reporter.java:20)
	at wrappers.GenericWrappers.takeSnap(GenericWrappers.java:565)
	at utils.Reporter.reportStep(Reporter.java:20)
	at wrappers.GenericWrappers.takeSnap(GenericWrappers.java:565)
	at utils.Reporter.reportStep(Reporter.java:20)
	at wrappers.GenericWrappers.takeSnap(GenericWrappers.java:565)
	at utils.Reporter.reportStep(Reporter.java:20)
	at wrappers.GenericWrappers.takeSnap(GenericWrappers.java:565)
	at utils.Reporter.reportStep(Reporter.java:20)
	at wrappers.GenericWrappers.takeSnap(GenericWrappers.java:565)
	at utils.Reporter.reportStep(Reporter.java:20)
	at wrappers.GenericWrappers.takeSnap(GenericWrappers.java:565)
	at utils.Reporter.reportStep(Reporter.java:20)
	at wrappers.GenericWrappers.takeSnap(GenericWrappers.java:565)
	at utils.Reporter.reportStep(Reporter.java:20)
	at wrappers.GenericWrappers.takeSnap(GenericWrappers.java:565)
	at utils.Reporter.reportStep(Reporter.java:20)
	at wrappers.GenericWrappers.takeSnap(GenericWrappers.java:565)
	at utils.Reporter.reportStep(Reporter.java:20)
	at wrappers.GenericWrappers.takeSnap(GenericWrappers.java:565)
	at utils.Reporter.reportStep(Reporter.java:20)
	at wrappers.GenericWrappers.takeSnap(GenericWrappers.java:565)
	at utils.Reporter.reportStep(Reporter.java:20)
	at wrappers.GenericWrappers.takeSnap(GenericWrappers.java:565)
	at utils.Reporter.reportStep(Reporter.java:20)
	at wrappers.GenericWrappers.takeSnap(GenericWrappers.java:565)
	at utils.Reporter.reportStep(Reporter.java:20)
	at wrappers.GenericWrappers.takeSnap(GenericWrappers.java:565)
	at utils.Reporter.reportStep(Reporter.java:20)
	at wrappers.GenericWrappers.takeSnap(GenericWrappers.java:565)
	at utils.Reporter.reportStep(Reporter.java:20)
	at wrappers.GenericWrappers.takeSnap(GenericWrappers.java:565)
	at utils.Reporter.reportStep(Reporter.java:20)
	at wrappers.GenericWrappers.takeSnap(GenericWrappers.java:565)
	at utils.Reporter.reportStep(Reporter.java:20)
	at wrappers.GenericWrappers.takeSnap(GenericWrappers.java:565)
	at utils.Reporter.reportStep(Reporter.java:20)
	at wrappers.GenericWrappers.takeSnap(GenericWrappers.java:565)
	at utils.Reporter.reportStep(Reporter.java:20)
	at wrappers.GenericWrappers.takeSnap(GenericWrappers.java:565)
	at utils.Reporter.reportStep(Reporter.java:20)
	at wrappers.GenericWrappers.takeSnap(GenericWrappers.java:565)
	at utils.Reporter.reportStep(Reporter.java:20)
	at wrappers.GenericWrappers.takeSnap(GenericWrappers.java:565)
	at utils.Reporter.reportStep(Reporter.java:20)
	at wrappers.GenericWrappers.takeSnap(GenericWrappers.java:565)
	at utils.Reporter.reportStep(Reporter.java:20)
	at wrappers.GenericWrappers.takeSnap(GenericWrappers.java:565)
	at utils.Reporter.reportStep(Reporter.java:20)
	at wrappers.GenericWrappers.takeSnap(GenericWrappers.java:565)
	at utils.Reporter.reportStep(Reporter.java:20)
	at wrappers.GenericWrappers.takeSnap(GenericWrappers.java:565)
	at utils.Reporter.reportStep(Reporter.java:20)
	at wrappers.GenericWrappers.takeSnap(GenericWrappers.java:565)
	at utils.Reporter.reportStep(Reporter.java:20)
	at wrappers.GenericWrappers.takeSnap(GenericWrappers.java:565)
	at utils.Reporter.reportStep(Reporter.java:20)
	at wrappers.GenericWrappers.takeSnap(GenericWrappers.java:565)
	at utils.Reporter.reportStep(Reporter.java:20)
	at wrappers.GenericWrappers.takeSnap(GenericWrappers.java:565)
	at utils.Reporter.reportStep(Reporter.java:20)
	at wrappers.GenericWrappers.takeSnap(GenericWrappers.java:565)
	at utils.Reporter.reportStep(Reporter.java:20)
	at wrappers.GenericWrappers.takeSnap(GenericWrappers.java:565)
	at utils.Reporter.reportStep(Reporter.java:20)
	at wrappers.GenericWrappers.takeSnap(GenericWrappers.java:565)
	at utils.Reporter.reportStep(Reporter.java:20)
	at wrappers.GenericWrappers.takeSnap(GenericWrappers.java:565)
	at utils.Reporter.reportStep(Reporter.java:20)
	at wrappers.GenericWrappers.takeSnap(GenericWrappers.java:565)
	at utils.Reporter.reportStep(Reporter.java:20)
	at wrappers.GenericWrappers.takeSnap(GenericWrappers.java:565)
	at utils.Reporter.reportStep(Reporter.java:20)
	at wrappers.GenericWrappers.takeSnap(GenericWrappers.java:565)
	at utils.Reporter.reportStep(Reporter.java:20)
	at wrappers.GenericWrappers.takeSnap(GenericWrappers.java:565)
	at utils.Reporter.reportStep(Reporter.java:20)
	at wrappers.GenericWrappers.takeSnap(GenericWrappers.java:565)
	at utils.Reporter.reportStep(Reporter.java:20)
	at wrappers.GenericWrappers.takeSnap(GenericWrappers.java:565)
	at utils.Reporter.reportStep(Reporter.java:20)
	at wrappers.GenericWrappers.takeSnap(GenericWrappers.java:565)
	at utils.Reporter.reportStep(Reporter.java:20)
	at wrappers.GenericWrappers.takeSnap(GenericWrappers.java:565)
	at utils.Reporter.reportStep(Reporter.java:20)
	at wrappers.GenericWrappers.takeSnap(GenericWrappers.java:565)
	at utils.Reporter.reportStep(Reporter.java:20)
	at wrappers.GenericWrappers.takeSnap(GenericWrappers.java:565)
	at utils.Reporter.reportStep(Reporter.java:20)
	at wrappers.GenericWrappers.takeSnap(GenericWrappers.java:565)
	at utils.Reporter.reportStep(Reporter.java:20)
	at wrappers.GenericWrappers.takeSnap(GenericWrappers.java:565)
	at utils.Reporter.reportStep(Reporter.java:20)
	at wrappers.GenericWrappers.takeSnap(GenericWrappers.java:565)
	at utils.Reporter.reportStep(Reporter.java:20)
	at wrappers.GenericWrappers.takeSnap(GenericWrappers.java:565)
	at utils.Reporter.reportStep(Reporter.java:20)
	at wrappers.GenericWrappers.takeSnap(GenericWrappers.java:565)
	at utils.Reporter.reportStep(Reporter.java:20)
	at wrappers.GenericWrappers.takeSnap(GenericWrappers.java:565)
	at utils.Reporter.reportStep(Reporter.java:20)
	at wrappers.GenericWrappers.takeSnap(GenericWrappers.java:565)
	at utils.Reporter.reportStep(Reporter.java:20)
	at wrappers.GenericWrappers.takeSnap(GenericWrappers.java:565)
	at utils.Reporter.reportStep(Reporter.java:20)
	at wrappers.GenericWrappers.takeSnap(GenericWrappers.java:565)
	at utils.Reporter.reportStep(Reporter.java:20)
	at wrappers.GenericWrappers.takeSnap(GenericWrappers.java:565)
	at utils.Reporter.reportStep(Reporter.java:20)
	at wrappers.GenericWrappers.takeSnap(GenericWrappers.java:565)
	at utils.Reporter.reportStep(Reporter.java:20)
	at wrappers.GenericWrappers.takeSnap(GenericWrappers.java:565)
	at utils.Reporter.reportStep(Reporter.java:20)
	at wrappers.GenericWrappers.takeSnap(GenericWrappers.java:565)
	at utils.Reporter.reportStep(Reporter.java:20)
	at wrappers.GenericWrappers.takeSnap(GenericWrappers.java:565)
	at utils.Reporter.reportStep(Reporter.java:20)
	at wrappers.GenericWrappers.takeSnap(GenericWrappers.java:565)
	at utils.Reporter.reportStep(Reporter.java:20)
	at wrappers.GenericWrappers.takeSnap(GenericWrappers.java:565)
	at utils.Reporter.reportStep(Reporter.java:20)
	at wrappers.GenericWrappers.takeSnap(GenericWrappers.java:565)
	at utils.Reporter.reportStep(Reporter.java:20)
	at wrappers.GenericWrappers.takeSnap(GenericWrappers.java:565)
	at utils.Reporter.reportStep(Reporter.java:20)
	at wrappers.GenericWrappers.takeSnap(GenericWrappers.java:565)
	at utils.Reporter.reportStep(Reporter.java:20)
	at wrappers.GenericWrappers.takeSnap(GenericWrappers.java:565)
	at utils.Reporter.reportStep(Reporter.java:20)
	at wrappers.GenericWrappers.takeSnap(GenericWrappers.java:565)
	at utils.Reporter.reportStep(Reporter.java:20)
	at wrappers.GenericWrappers.takeSnap(GenericWrappers.java:565)
	at utils.Reporter.reportStep(Reporter.java:20)
	at wrappers.GenericWrappers.takeSnap(GenericWrappers.java:565)
	at utils.Reporter.reportStep(Reporter.java:20)
	at wrappers.GenericWrappers.takeSnap(GenericWrappers.java:565)
	at utils.Reporter.reportStep(Reporter.java:20)
	at wrappers.GenericWrappers.takeSnap(GenericWrappers.java:565)
	at utils.Reporter.reportStep(Reporter.java:20)
	at wrappers.GenericWrappers.takeSnap(GenericWrappers.java:565)
	at utils.Reporter.reportStep(Reporter.java:20)
	at wrappers.GenericWrappers.takeSnap(GenericWrappers.java:565)
	at utils.Reporter.reportStep(Reporter.java:20)
	at wrappers.GenericWrappers.takeSnap(GenericWrappers.java:565)
	at utils.Reporter.reportStep(Reporter.java:20)
	at wrappers.GenericWrappers.takeSnap(GenericWrappers.java:565)
	at utils.Reporter.reportStep(Reporter.java:20)
	at wrappers.GenericWrappers.takeSnap(GenericWrappers.java:565)
	at utils.Reporter.reportStep(Reporter.java:20)
	at wrappers.GenericWrappers.takeSnap(GenericWrappers.java:565)
	at utils.Reporter.reportStep(Reporter.java:20)
	at wrappers.GenericWrappers.takeSnap(GenericWrappers.java:565)
	at utils.Reporter.reportStep(Reporter.java:20)
	at wrappers.GenericWrappers.takeSnap(GenericWrappers.java:565)
	at utils.Reporter.reportStep(Reporter.java:20)
	at wrappers.GenericWrappers.takeSnap(GenericWrappers.java:565)
	at utils.Reporter.reportStep(Reporter.java:20)
	at wrappers.GenericWrappers.takeSnap(GenericWrappers.java:565)
	at utils.Reporter.reportStep(Reporter.java:20)
	at wrappers.GenericWrappers.takeSnap(GenericWrappers.java:565)
	at utils.Reporter.reportStep(Reporter.java:20)
	at wrappers.GenericWrappers.takeSnap(GenericWrappers.java:565)
	at utils.Reporter.reportStep(Reporter.java:20)
	at wrappers.GenericWrappers.takeSnap(GenericWrappers.java:565)
	at utils.Reporter.reportStep(Reporter.java:20)
	at wrappers.GenericWrappers.takeSnap(GenericWrappers.java:565)
	at utils.Reporter.reportStep(Reporter.java:20)
	at wrappers.GenericWrappers.takeSnap(GenericWrappers.java:565)
	at utils.Reporter.reportStep(Reporter.java:20)
	at wrappers.GenericWrappers.takeSnap(GenericWrappers.java:565)
	at utils.Reporter.reportStep(Reporter.java:20)
	at wrappers.GenericWrappers.takeSnap(GenericWrappers.java:565)
	at utils.Reporter.reportStep(Reporter.java:20)
	at wrappers.GenericWrappers.takeSnap(GenericWrappers.java:565)
	at utils.Reporter.reportStep(Reporter.java:20)
	at wrappers.GenericWrappers.takeSnap(GenericWrappers.java:565)
	at utils.Reporter.reportStep(Reporter.java:20)
	at wrappers.GenericWrappers.takeSnap(GenericWrappers.java:565)
	at utils.Reporter.reportStep(Reporter.java:20)
	at wrappers.GenericWrappers.takeSnap(GenericWrappers.java:565)
	at utils.Reporter.reportStep(Reporter.java:20)
	at wrappers.GenericWrappers.takeSnap(GenericWrappers.java:565)
	at utils.Reporter.reportStep(Reporter.java:20)
	at wrappers.GenericWrappers.takeSnap(GenericWrappers.java:565)
	at utils.Reporter.reportStep(Reporter.java:20)
	at wrappers.GenericWrappers.takeSnap(GenericWrappers.java:565)
	at utils.Reporter.reportStep(Reporter.java:20)
	at wrappers.GenericWrappers.takeSnap(GenericWrappers.java:565)
	at utils.Reporter.reportStep(Reporter.java:20)
	at wrappers.GenericWrappers.takeSnap(GenericWrappers.java:565)
	at utils.Reporter.reportStep(Reporter.java:20)
	at wrappers.GenericWrappers.takeSnap(GenericWrappers.java:565)
	at utils.Reporter.reportStep(Reporter.java:20)
	at wrappers.GenericWrappers.takeSnap(GenericWrappers.java:565)
	at utils.Reporter.reportStep(Reporter.java:20)
	at wrappers.GenericWrappers.takeSnap(GenericWrappers.java:565)
	at utils.Reporter.reportStep(Reporter.java:20)
	at wrappers.GenericWrappers.takeSnap(GenericWrappers.java:565)
	at utils.Reporter.reportStep(Reporter.java:20)
	at wrappers.GenericWrappers.takeSnap(GenericWrappers.java:565)
	at utils.Reporter.reportStep(Reporter.java:20)
	at wrappers.GenericWrappers.takeSnap(GenericWrappers.java:565)
	at utils.Reporter.reportStep(Reporter.java:20)
	at wrappers.GenericWrappers.takeSnap(GenericWrappers.java:565)
	at utils.Reporter.reportStep(Reporter.java:20)
	at wrappers.GenericWrappers.takeSnap(GenericWrappers.java:565)
	at utils.Reporter.reportStep(Reporter.java:20)
	at wrappers.GenericWrappers.takeSnap(GenericWrappers.java:565)
	at utils.Reporter.reportStep(Reporter.java:20)
	at wrappers.GenericWrappers.takeSnap(GenericWrappers.java:565)
	at utils.Reporter.reportStep(Reporter.java:20)
	at wrappers.GenericWrappers.takeSnap(GenericWrappers.java:565)
	at utils.Reporter.reportStep(Reporter.java:20)
	at wrappers.GenericWrappers.takeSnap(GenericWrappers.java:565)
	at utils.Reporter.reportStep(Reporter.java:20)
	at wrappers.GenericWrappers.takeSnap(GenericWrappers.java:565)
	at utils.Reporter.reportStep(Reporter.java:20)
	at wrappers.GenericWrappers.takeSnap(GenericWrappers.java:565)
	at utils.Reporter.reportStep(Reporter.java:20)
	at wrappers.GenericWrappers.takeSnap(GenericWrappers.java:565)
	at utils.Reporter.reportStep(Reporter.java:20)
	at wrappers.GenericWrappers.takeSnap(GenericWrappers.java:565)
	at utils.Reporter.reportStep(Reporter.java:20)
	at wrappers.GenericWrappers.takeSnap(GenericWrappers.java:565)
	at utils.Reporter.reportStep(Reporter.java:20)
	at wrappers.GenericWrappers.takeSnap(GenericWrappers.java:565)
	at utils.Reporter.reportStep(Reporter.java:20)
	at wrappers.GenericWrappers.takeSnap(GenericWrappers.java:565)
	at utils.Reporter.reportStep(Reporter.java:20)
	at wrappers.GenericWrappers.takeSnap(GenericWrappers.java:565)
	at utils.Reporter.reportStep(Reporter.java:20)
	at wrappers.GenericWrappers.takeSnap(GenericWrappers.java:565)
	at utils.Reporter.reportStep(Reporter.java:20)
	at wrappers.GenericWrappers.takeSnap(GenericWrappers.java:565)
	at utils.Reporter.reportStep(Reporter.java:20)
	at wrappers.GenericWrappers.takeSnap(GenericWrappers.java:565)
	at utils.Reporter.reportStep(Reporter.java:20)
	at wrappers.GenericWrappers.takeSnap(GenericWrappers.java:565)
	at utils.Reporter.reportStep(Reporter.java:20)
	at wrappers.GenericWrappers.takeSnap(GenericWrappers.java:565)
	at utils.Reporter.reportStep(Reporter.java:20)
	at wrappers.GenericWrappers.takeSnap(GenericWrappers.java:565)
	at utils.Reporter.reportStep(Reporter.java:20)
	at wrappers.GenericWrappers.takeSnap(GenericWrappers.java:565)
	at utils.Reporter.reportStep(Reporter.java:20)
	at wrappers.GenericWrappers.takeSnap(GenericWrappers.java:565)
	at utils.Reporter.reportStep(Reporter.java:20)
	at wrappers.GenericWrappers.takeSnap(GenericWrappers.java:565)
	at utils.Reporter.reportStep(Reporter.java:20)
	at wrappers.GenericWrappers.takeSnap(GenericWrappers.java:565)
	at utils.Reporter.reportStep(Reporter.java:20)
	at wrappers.GenericWrappers.takeSnap(GenericWrappers.java:565)
	at utils.Reporter.reportStep(Reporter.java:20)
	at wrappers.GenericWrappers.takeSnap(GenericWrappers.java:565)
	at utils.Reporter.reportStep(Reporter.java:20)
	at wrappers.GenericWrappers.takeSnap(GenericWrappers.java:565)
	at utils.Reporter.reportStep(Reporter.java:20)
	at wrappers.GenericWrappers.takeSnap(GenericWrappers.java:565)
	at utils.Reporter.reportStep(Reporter.java:20)
	at wrappers.GenericWrappers.takeSnap(GenericWrappers.java:565)
	at utils.Reporter.reportStep(Reporter.java:20)
	at wrappers.GenericWrappers.takeSnap(GenericWrappers.java:565)
	at utils.Reporter.reportStep(Reporter.java:20)
	at wrappers.GenericWrappers.takeSnap(GenericWrappers.java:565)
	at utils.Reporter.reportStep(Reporter.java:20)
	at wrappers.GenericWrappers.takeSnap(GenericWrappers.java:565)
	at utils.Reporter.reportStep(Reporter.java:20)
	at wrappers.GenericWrappers.takeSnap(GenericWrappers.java:565)
	at utils.Reporter.reportStep(Reporter.java:20)
	at wrappers.GenericWrappers.takeSnap(GenericWrappers.java:565)
	at utils.Reporter.reportStep(Reporter.java:20)
	at wrappers.GenericWrappers.takeSnap(GenericWrappers.java:565)
	at utils.Reporter.reportStep(Reporter.java:20)
	at wrappers.GenericWrappers.takeSnap(GenericWrappers.java:565)
	at utils.Reporter.reportStep(Reporter.java:20)
	at wrappers.GenericWrappers.takeSnap(GenericWrappers.java:565)
	at utils.Reporter.reportStep(Reporter.java:20)
	at wrappers.GenericWrappers.takeSnap(GenericWrappers.java:565)
	at utils.Reporter.reportStep(Reporter.java:20)
	at wrappers.GenericWrappers.takeSnap(GenericWrappers.java:565)
	at utils.Reporter.reportStep(Reporter.java:20)
	at wrappers.GenericWrappers.takeSnap(GenericWrappers.java:565)
	at utils.Reporter.reportStep(Reporter.java:20)
	at wrappers.GenericWrappers.takeSnap(GenericWrappers.java:565)
	at utils.Reporter.reportStep(Reporter.java:20)
	at wrappers.GenericWrappers.takeSnap(GenericWrappers.java:565)
	at utils.Reporter.reportStep(Reporter.java:20)
	at wrappers.GenericWrappers.takeSnap(GenericWrappers.java:565)
	at utils.Reporter.reportStep(Reporter.java:20)
	at wrappers.GenericWrappers.takeSnap(GenericWrappers.java:565)
	at utils.Reporter.reportStep(Reporter.java:20)
	at wrappers.GenericWrappers.takeSnap(GenericWrappers.java:565)
	at utils.Reporter.reportStep(Reporter.java:20)
	at wrappers.GenericWrappers.takeSnap(GenericWrappers.java:565)
	at utils.Reporter.reportStep(Reporter.java:20)
	at wrappers.GenericWrappers.takeSnap(GenericWrappers.java:565)
	at utils.Reporter.reportStep(Reporter.java:20)
	at wrappers.GenericWrappers.takeSnap(GenericWrappers.java:565)
	at utils.Reporter.reportStep(Reporter.java:20)
	at wrappers.GenericWrappers.takeSnap(GenericWrappers.java:565)
	at utils.Reporter.reportStep(Reporter.java:20)
	at wrappers.GenericWrappers.takeSnap(GenericWrappers.java:565)
	at utils.Reporter.reportStep(Reporter.java:20)
	at wrappers.GenericWrappers.takeSnap(GenericWrappers.java:565)
	at utils.Reporter.reportStep(Reporter.java:20)
	at wrappers.GenericWrappers.takeSnap(GenericWrappers.java:565)
	at utils.Reporter.reportStep(Reporter.java:20)
	at wrappers.GenericWrappers.takeSnap(GenericWrappers.java:565)
	at utils.Reporter.reportStep(Reporter.java:20)
	at wrappers.GenericWrappers.takeSnap(GenericWrappers.java:565)
	at utils.Reporter.reportStep(Reporter.java:20)
	at wrappers.GenericWrappers.takeSnap(GenericWrappers.java:565)
	at utils.Reporter.reportStep(Reporter.java:20)
	at wrappers.GenericWrappers.takeSnap(GenericWrappers.java:565)
	at utils.Reporter.reportStep(Reporter.java:20)
	at wrappers.GenericWrappers.takeSnap(GenericWrappers.java:565)
	at utils.Reporter.reportStep(Reporter.java:20)
	at wrappers.GenericWrappers.takeSnap(GenericWrappers.java:565)
	at utils.Reporter.reportStep(Reporter.java:20)
	at wrappers.GenericWrappers.takeSnap(GenericWrappers.java:565)
	at utils.Reporter.reportStep(Reporter.java:20)
	at wrappers.GenericWrappers.takeSnap(GenericWrappers.java:565)
	at utils.Reporter.reportStep(Reporter.java:20)
	at wrappers.GenericWrappers.takeSnap(GenericWrappers.java:565)
	at utils.Reporter.reportStep(Reporter.java:20)
	at wrappers.GenericWrappers.takeSnap(GenericWrappers.java:565)
	at utils.Reporter.reportStep(Reporter.java:20)
	at wrappers.GenericWrappers.takeSnap(GenericWrappers.java:565)
	at utils.Reporter.reportStep(Reporter.java:20)
	at wrappers.GenericWrappers.takeSnap(GenericWrappers.java:565)
	at utils.Reporter.reportStep(Reporter.java:20)
	at wrappers.GenericWrappers.takeSnap(GenericWrappers.java:565)
	at utils.Reporter.reportStep(Reporter.java:20)
	at wrappers.GenericWrappers.takeSnap(GenericWrappers.java:565)
	at utils.Reporter.reportStep(Reporter.java:20)
	at wrappers.GenericWrappers.takeSnap(GenericWrappers.java:565)
	at utils.Reporter.reportStep(Reporter.java:20)
	at wrappers.GenericWrappers.takeSnap(GenericWrappers.java:565)
	at utils.Reporter.reportStep(Reporter.java:20)
	at wrappers.GenericWrappers.takeSnap(GenericWrappers.java:565)
	at utils.Reporter.reportStep(Reporter.java:20)
	at wrappers.GenericWrappers.takeSnap(GenericWrappers.java:565)
	at utils.Reporter.reportStep(Reporter.java:20)
	at wrappers.GenericWrappers.takeSnap(GenericWrappers.java:565)
	at utils.Reporter.reportStep(Reporter.java:20)
	at wrappers.GenericWrappers.takeSnap(GenericWrappers.java:565)
	at utils.Reporter.reportStep(Reporter.java:20)
	at wrappers.GenericWrappers.takeSnap(GenericWrappers.java:565)
	at utils.Reporter.reportStep(Reporter.java:20)
	at wrappers.GenericWrappers.takeSnap(GenericWrappers.java:565)
	at utils.Reporter.reportStep(Reporter.java:20)
	at wrappers.GenericWrappers.takeSnap(GenericWrappers.java:565)
	at utils.Reporter.reportStep(Reporter.java:20)
	at wrappers.GenericWrappers.takeSnap(GenericWrappers.java:565)
	at utils.Reporter.reportStep(Reporter.java:20)
	at wrappers.GenericWrappers.takeSnap(GenericWrappers.java:565)
	at utils.Reporter.reportStep(Reporter.java:20)
	at wrappers.GenericWrappers.takeSnap(GenericWrappers.java:565)
	at utils.Reporter.reportStep(Reporter.java:20)
	at wrappers.GenericWrappers.takeSnap(GenericWrappers.java:565)
	at utils.Reporter.reportStep(Reporter.java:20)
	at wrappers.GenericWrappers.takeSnap(GenericWrappers.java:565)
	at utils.Reporter.reportStep(Reporter.java:20)
	at wrappers.GenericWrappers.takeSnap(GenericWrappers.java:565)
	at utils.Reporter.reportStep(Reporter.java:20)
	at wrappers.GenericWrappers.takeSnap(GenericWrappers.java:565)
	at utils.Reporter.reportStep(Reporter.java:20)
	at wrappers.GenericWrappers.takeSnap(GenericWrappers.java:565)
	at utils.Reporter.reportStep(Reporter.java:20)
	at wrappers.GenericWrappers.takeSnap(GenericWrappers.java:565)
	at utils.Reporter.reportStep(Reporter.java:20)
	at wrappers.GenericWrappers.takeSnap(GenericWrappers.java:565)
	at utils.Reporter.reportStep(Reporter.java:20)
	at wrappers.GenericWrappers.takeSnap(GenericWrappers.java:565)
	at utils.Reporter.reportStep(Reporter.java:20)
	at wrappers.GenericWrappers.takeSnap(GenericWrappers.java:565)
	at utils.Reporter.reportStep(Reporter.java:20)
	at wrappers.GenericWrappers.takeSnap(GenericWrappers.java:565)
	at utils.Reporter.reportStep(Reporter.java:20)
	at wrappers.GenericWrappers.takeSnap(GenericWrappers.java:565)
	at utils.Reporter.reportStep(Reporter.java:20)
	at wrappers.GenericWrappers.takeSnap(GenericWrappers.java:565)
	at utils.Reporter.reportStep(Reporter.java:20)
	at wrappers.GenericWrappers.takeSnap(GenericWrappers.java:565)
	at utils.Reporter.reportStep(Reporter.java:20)
	at wrappers.GenericWrappers.takeSnap(GenericWrappers.java:565)
	at utils.Reporter.reportStep(Reporter.java:20)
	at wrappers.GenericWrappers.takeSnap(GenericWrappers.java:565)
	at utils.Reporter.reportStep(Reporter.java:20)
	at wrappers.GenericWrappers.takeSnap(GenericWrappers.java:565)
	at utils.Reporter.reportStep(Reporter.java:20)
	at wrappers.GenericWrappers.takeSnap(GenericWrappers.java:565)
	at utils.Reporter.reportStep(Reporter.java:20)
	at wrappers.GenericWrappers.takeSnap(GenericWrappers.java:565)
	at utils.Reporter.reportStep(Reporter.java:20)
	at wrappers.GenericWrappers.takeSnap(GenericWrappers.java:565)
	at utils.Reporter.reportStep(Reporter.java:20)
	at wrappers.GenericWrappers.takeSnap(GenericWrappers.java:565)
	at utils.Reporter.reportStep(Reporter.java:20)
	at wrappers.GenericWrappers.takeSnap(GenericWrappers.java:565)
	at utils.Reporter.reportStep(Reporter.java:20)
	at wrappers.GenericWrappers.takeSnap(GenericWrappers.java:565)
	at utils.Reporter.reportStep(Reporter.java:20)
	at wrappers.GenericWrappers.takeSnap(GenericWrappers.java:565)
	at utils.Reporter.reportStep(Reporter.java:20)
	at wrappers.GenericWrappers.takeSnap(GenericWrappers.java:565)
	at utils.Reporter.reportStep(Reporter.java:20)
	at wrappers.GenericWrappers.takeSnap(GenericWrappers.java:565)
	at utils.Reporter.reportStep(Reporter.java:20)
	at wrappers.GenericWrappers.takeSnap(GenericWrappers.java:565)
	at utils.Reporter.reportStep(Reporter.java:20)
	at wrappers.GenericWrappers.takeSnap(GenericWrappers.java:565)
	at utils.Reporter.reportStep(Reporter.java:20)
	at wrappers.GenericWrappers.takeSnap(GenericWrappers.java:565)
	at utils.Reporter.reportStep(Reporter.java:20)
	at wrappers.GenericWrappers.takeSnap(GenericWrappers.java:565)
	at utils.Reporter.reportStep(Reporter.java:20)
	at wrappers.GenericWrappers.takeSnap(GenericWrappers.java:565)
	at utils.Reporter.reportStep(Reporter.java:20)
	at wrappers.GenericWrappers.takeSnap(GenericWrappers.java:565)
	at utils.Reporter.reportStep(Reporter.java:20)
	at wrappers.GenericWrappers.takeSnap(GenericWrappers.java:565)
	at utils.Reporter.reportStep(Reporter.java:20)
	at wrappers.GenericWrappers.takeSnap(GenericWrappers.java:565)
	at utils.Reporter.reportStep(Reporter.java:20)
	at wrappers.GenericWrappers.takeSnap(GenericWrappers.java:565)
	at utils.Reporter.reportStep(Reporter.java:20)
	at wrappers.GenericWrappers.takeSnap(GenericWrappers.java:565)
	at utils.Reporter.reportStep(Reporter.java:20)
	at wrappers.GenericWrappers.takeSnap(GenericWrappers.java:565)
	at utils.Reporter.reportStep(Reporter.java:20)
	at wrappers.GenericWrappers.takeSnap(GenericWrappers.java:565)
	at utils.Reporter.reportStep(Reporter.java:20)
	at wrappers.GenericWrappers.takeSnap(GenericWrappers.java:565)
	at utils.Reporter.reportStep(Reporter.java:20)
	at wrappers.GenericWrappers.takeSnap(GenericWrappers.java:565)
	at utils.Reporter.reportStep(Reporter.java:20)
	at wrappers.GenericWrappers.takeSnap(GenericWrappers.java:565)
	at utils.Reporter.reportStep(Reporter.java:20)
	at wrappers.GenericWrappers.takeSnap(GenericWrappers.java:565)
	at utils.Reporter.reportStep(Reporter.java:20)
	at wrappers.GenericWrappers.takeSnap(GenericWrappers.java:565)
	at utils.Reporter.reportStep(Reporter.java:20)
	at wrappers.GenericWrappers.takeSnap(GenericWrappers.java:565)
	at utils.Reporter.reportStep(Reporter.java:20)
	at wrappers.GenericWrappers.takeSnap(GenericWrappers.java:565)
	at utils.Reporter.reportStep(Reporter.java:20)
	at wrappers.GenericWrappers.takeSnap(GenericWrappers.java:565)
	at utils.Reporter.reportStep(Reporter.java:20)
	at wrappers.GenericWrappers.takeSnap(GenericWrappers.java:565)
	at utils.Reporter.reportStep(Reporter.java:20)
	at wrappers.GenericWrappers.takeSnap(GenericWrappers.java:565)
	at utils.Reporter.reportStep(Reporter.java:20)
	at wrappers.GenericWrappers.takeSnap(GenericWrappers.java:565)
	at utils.Reporter.reportStep(Reporter.java:20)
	at wrappers.GenericWrappers.takeSnap(GenericWrappers.java:565)
	at utils.Reporter.reportStep(Reporter.java:20)
	at wrappers.GenericWrappers.takeSnap(GenericWrappers.java:565)
	at utils.Reporter.reportStep(Reporter.java:20)
	at wrappers.GenericWrappers.takeSnap(GenericWrappers.java:565)
	at utils.Reporter.reportStep(Reporter.java:20)
	at wrappers.GenericWrappers.takeSnap(GenericWrappers.java:565)
	at utils.Reporter.reportStep(Reporter.java:20)
	at wrappers.GenericWrappers.takeSnap(GenericWrappers.java:565)
	at utils.Reporter.reportStep(Reporter.java:20)
	at wrappers.GenericWrappers.takeSnap(GenericWrappers.java:565)
	at utils.Reporter.reportStep(Reporter.java:20)
	at wrappers.GenericWrappers.takeSnap(GenericWrappers.java:565)
	at utils.Reporter.reportStep(Reporter.java:20)
	at wrappers.GenericWrappers.takeSnap(GenericWrappers.java:565)
	at utils.Reporter.reportStep(Reporter.java:20)
	at wrappers.GenericWrappers.takeSnap(GenericWrappers.java:565)
	at utils.Reporter.reportStep(Reporter.java:20)
	at wrappers.GenericWrappers.takeSnap(GenericWrappers.java:565)
	at utils.Reporter.reportStep(Reporter.java:20)
	at wrappers.GenericWrappers.takeSnap(GenericWrappers.java:565)
	at utils.Reporter.reportStep(Reporter.java:20)
	at wrappers.GenericWrappers.takeSnap(GenericWrappers.java:565)
	at utils.Reporter.reportStep(Reporter.java:20)
	at wrappers.GenericWrappers.takeSnap(GenericWrappers.java:565)
	at utils.Reporter.reportStep(Reporter.java:20)
	at wrappers.GenericWrappers.takeSnap(GenericWrappers.java:565)
	at utils.Reporter.reportStep(Reporter.java:20)
	at wrappers.GenericWrappers.takeSnap(GenericWrappers.java:565)
	at utils.Reporter.reportStep(Reporter.java:20)
	at wrappers.GenericWrappers.takeSnap(GenericWrappers.java:565)
	at utils.Reporter.reportStep(Reporter.java:20)
	at wrappers.GenericWrappers.takeSnap(GenericWrappers.java:565)
	at utils.Reporter.reportStep(Reporter.java:20)
	at wrappers.GenericWrappers.takeSnap(GenericWrappers.java:565)
	at utils.Reporter.reportStep(Reporter.java:20)
	at wrappers.GenericWrappers.takeSnap(GenericWrappers.java:565)
	at utils.Reporter.reportStep(Reporter.java:20)
	at wrappers.GenericWrappers.takeSnap(GenericWrappers.java:565)
	at utils.Reporter.reportStep(Reporter.java:20)
	at wrappers.GenericWrappers.takeSnap(GenericWrappers.java:565)
	at utils.Reporter.reportStep(Reporter.java:20)
	at wrappers.GenericWrappers.takeSnap(GenericWrappers.java:565)
	at utils.Reporter.reportStep(Reporter.java:20)
	at wrappers.GenericWrappers.takeSnap(GenericWrappers.java:565)
	at utils.Reporter.reportStep(Reporter.java:20)
	at wrappers.GenericWrappers.takeSnap(GenericWrappers.java:565)
	at utils.Reporter.reportStep(Reporter.java:20)
	at wrappers.GenericWrappers.takeSnap(GenericWrappers.java:565)
	at utils.Reporter.reportStep(Reporter.java:20)
	at wrappers.GenericWrappers.takeSnap(GenericWrappers.java:565)
	at utils.Reporter.reportStep(Reporter.java:20)
	at wrappers.GenericWrappers.takeSnap(GenericWrappers.java:565)
	at utils.Reporter.reportStep(Reporter.java:20)
	at wrappers.GenericWrappers.takeSnap(GenericWrappers.java:565)
	at utils.Reporter.reportStep(Reporter.java:20)
	at wrappers.GenericWrappers.takeSnap(GenericWrappers.java:565)
	at utils.Reporter.reportStep(Reporter.java:20)
	at wrappers.GenericWrappers.takeSnap(GenericWrappers.java:565)
	at utils.Reporter.reportStep(Reporter.java:20)
	at wrappers.GenericWrappers.takeSnap(GenericWrappers.java:565)
	at utils.Reporter.reportStep(Reporter.java:20)
	at wrappers.GenericWrappers.takeSnap(GenericWrappers.java:565)
	at utils.Reporter.reportStep(Reporter.java:20)
	at wrappers.GenericWrappers.takeSnap(GenericWrappers.java:565)
	at utils.Reporter.reportStep(Reporter.java:20)
	at wrappers.GenericWrappers.takeSnap(GenericWrappers.java:565)
	at utils.Reporter.reportStep(Reporter.java:20)
	at wrappers.GenericWrappers.takeSnap(GenericWrappers.java:565)
	at utils.Reporter.reportStep(Reporter.java:20)
	at wrappers.GenericWrappers.takeSnap(GenericWrappers.java:565)
	at utils.Reporter.reportStep(Reporter.java:20)
	at wrappers.GenericWrappers.takeSnap(GenericWrappers.java:565)
	at utils.Reporter.reportStep(Reporter.java:20)
	at wrappers.GenericWrappers.takeSnap(GenericWrappers.java:565)
	at utils.Reporter.reportStep(Reporter.java:20)
	at wrappers.GenericWrappers.takeSnap(GenericWrappers.java:565)
	at utils.Reporter.reportStep(Reporter.java:20)
	at wrappers.GenericWrappers.takeSnap(GenericWrappers.java:565)
	at utils.Reporter.reportStep(Reporter.java:20)
	at wrappers.GenericWrappers.takeSnap(GenericWrappers.java:565)
	at utils.Reporter.reportStep(Reporter.java:20)
	at wrappers.GenericWrappers.takeSnap(GenericWrappers.java:565)
	at utils.Reporter.reportStep(Reporter.java:20)
	at wrappers.GenericWrappers.takeSnap(GenericWrappers.java:565)
	at utils.Reporter.reportStep(Reporter.java:20)
	at wrappers.GenericWrappers.takeSnap(GenericWrappers.java:565)
	at utils.Reporter.reportStep(Reporter.java:20)
	at wrappers.GenericWrappers.takeSnap(GenericWrappers.java:565)
	at utils.Reporter.reportStep(Reporter.java:20)
	at wrappers.GenericWrappers.takeSnap(GenericWrappers.java:565)
	at utils.Reporter.reportStep(Reporter.java:20)
	at wrappers.GenericWrappers.takeSnap(GenericWrappers.java:565)
	at utils.Reporter.reportStep(Reporter.java:20)
	at wrappers.GenericWrappers.takeSnap(GenericWrappers.java:565)
	at utils.Reporter.reportStep(Reporter.java:20)
	at wrappers.GenericWrappers.takeSnap(GenericWrappers.java:565)
	at utils.Reporter.reportStep(Reporter.java:20)
	at wrappers.GenericWrappers.takeSnap(GenericWrappers.java:565)
	at utils.Reporter.reportStep(Reporter.java:20)
	at wrappers.GenericWrappers.takeSnap(GenericWrappers.java:565)
	at utils.Reporter.reportStep(Reporter.java:20)
	at wrappers.GenericWrappers.takeSnap(GenericWrappers.java:565)
	at utils.Reporter.reportStep(Reporter.java:20)
	at wrappers.GenericWrappers.takeSnap(GenericWrappers.java:565)
	at utils.Reporter.reportStep(Reporter.java:20)
	at wrappers.GenericWrappers.takeSnap(GenericWrappers.java:565)
	at utils.Reporter.reportStep(Reporter.java:20)
	at wrappers.GenericWrappers.takeSnap(GenericWrappers.java:565)
	at utils.Reporter.reportStep(Reporter.java:20)
	at wrappers.GenericWrappers.takeSnap(GenericWrappers.java:565)
	at utils.Reporter.reportStep(Reporter.java:20)
	at wrappers.GenericWrappers.takeSnap(GenericWrappers.java:565)
	at utils.Reporter.reportStep(Reporter.java:20)
	at wrappers.GenericWrappers.takeSnap(GenericWrappers.java:565)
	at utils.Reporter.reportStep(Reporter.java:20)
	at wrappers.GenericWrappers.takeSnap(GenericWrappers.java:565)
	at utils.Reporter.reportStep(Reporter.java:20)
	at wrappers.GenericWrappers.takeSnap(GenericWrappers.java:565)
	at utils.Reporter.reportStep(Reporter.java:20)
	at wrappers.GenericWrappers.takeSnap(GenericWrappers.java:565)
	at utils.Reporter.reportStep(Reporter.java:20)
	at wrappers.GenericWrappers.takeSnap(GenericWrappers.java:565)
	at utils.Reporter.reportStep(Reporter.java:20)
	at wrappers.GenericWrappers.takeSnap(GenericWrappers.java:565)
	at utils.Reporter.reportStep(Reporter.java:20)
	at wrappers.GenericWrappers.takeSnap(GenericWrappers.java:565)
	at utils.Reporter.reportStep(Reporter.java:20)
	at wrappers.GenericWrappers.takeSnap(GenericWrappers.java:565)
	at utils.Reporter.reportStep(Reporter.java:20)
	at wrappers.GenericWrappers.takeSnap(GenericWrappers.java:565)
	at utils.Reporter.reportStep(Reporter.java:20)
	at wrappers.GenericWrappers.takeSnap(GenericWrappers.java:565)
	at utils.Reporter.reportStep(Reporter.java:20)
	at wrappers.GenericWrappers.takeSnap(GenericWrappers.java:565)
	at utils.Reporter.reportStep(Reporter.java:20)
	at wrappers.GenericWrappers.takeSnap(GenericWrappers.java:565)
	at utils.Reporter.reportStep(Reporter.java:20)
	at wrappers.GenericWrappers.takeSnap(GenericWrappers.java:565)
	at utils.Reporter.reportStep(Reporter.java:20)
	at wrappers.GenericWrappers.takeSnap(GenericWrappers.java:565)
	at utils.Reporter.reportStep(Reporter.java:20)
	at wrappers.GenericWrappers.takeSnap(GenericWrappers.java:565)
	at utils.Reporter.reportStep(Reporter.java:20)
	at wrappers.GenericWrappers.takeSnap(GenericWrappers.java:565)
	at utils.Reporter.reportStep(Reporter.java:20)
	at wrappers.GenericWrappers.takeSnap(GenericWrappers.java:565)
	at utils.Reporter.reportStep(Reporter.java:20)
	at wrappers.GenericWrappers.takeSnap(GenericWrappers.java:565)
	at utils.Reporter.reportStep(Reporter.java:20)
	at wrappers.GenericWrappers.takeSnap(GenericWrappers.java:565)
	at utils.Reporter.reportStep(Reporter.java:20)
	at wrappers.GenericWrappers.takeSnap(GenericWrappers.java:565)
	at utils.Reporter.reportStep(Reporter.java:20)
	at wrappers.GenericWrappers.takeSnap(GenericWrappers.java:565)
	at utils.Reporter.reportStep(Reporter.java:20)
	at wrappers.GenericWrappers.takeSnap(GenericWrappers.java:565)
	at utils.Reporter.reportStep(Reporter.java:20)
	at wrappers.GenericWrappers.takeSnap(GenericWrappers.java:565)
	at utils.Reporter.reportStep(Reporter.java:20)
	at wrappers.GenericWrappers.takeSnap(GenericWrappers.java:565)
	at utils.Reporter.reportStep(Reporter.java:20)
	at wrappers.GenericWrappers.takeSnap(GenericWrappers.java:565)
	at utils.Reporter.reportStep(Reporter.java:20)
	at wrappers.GenericWrappers.takeSnap(GenericWrappers.java:565)
	at utils.Reporter.reportStep(Reporter.java:20)
	at wrappers.GenericWrappers.takeSnap(GenericWrappers.java:565)
	at utils.Reporter.reportStep(Reporter.java:20)
	at wrappers.GenericWrappers.takeSnap(GenericWrappers.java:565)
]]>
    </error>
  </testcase> <!-- DuplicateLead -->
</testsuite> <!-- testCases.TC001_MergeLead -->
