<?xml version="1.0" encoding="UTF-8"?>
<!-- Generated by org.testng.reporters.JUnitReportReporter -->
<testsuite hostname="LAPTOP-1A1SGFLK" name="testCases.TC001_DuplicateLead" tests="1" failures="0" timestamp="31 May 2017 04:20:11 GMT" time="149.260" errors="0">
  <testcase name="DuplicateLead" time="149.260" classname="testCases.TC001_DuplicateLead"/>
</testsuite> <!-- testCases.TC001_DuplicateLead -->
